<?xml version="1.0" encoding="UTF-8"?>
<testng-results skipped="0" failed="0" ignored="0" total="1" passed="1">
  <reporter-output>
  </reporter-output>
  <suite name="Default Suite" duration-ms="21503" started-at="2019-03-24T10:57:21Z" finished-at="2019-03-24T10:57:43Z">
    <groups>
    </groups>
    <test name="Eshopping" duration-ms="21503" started-at="2019-03-24T10:57:21Z" finished-at="2019-03-24T10:57:43Z">
      <class name="testCases.VerifyValidLogin">
        <test-method status="PASS" signature="checkValidLogin()[pri:0, instance:testCases.VerifyValidLogin@f67ac7]" name="checkValidLogin" duration-ms="21458" started-at="2019-03-24T10:57:21Z" finished-at="2019-03-24T10:57:43Z">
          <reporter-output>
          </reporter-output>
        </test-method> <!-- checkValidLogin -->
      </class> <!-- testCases.VerifyValidLogin -->
    </test> <!-- Eshopping -->
  </suite> <!-- Default Suite -->
</testng-results>
